@!@!@STARTMSG 2262:0 @!@!@
TLC2 Version 2.08 of 21 December 2015
@!@!@ENDMSG 2262 @!@!@
@!@!@STARTMSG 2187:0 @!@!@
Running in Model-Checking mode.
@!@!@ENDMSG 2187 @!@!@
@!@!@STARTMSG 2220:0 @!@!@
Starting SANY...
@!@!@ENDMSG 2220 @!@!@
Parsing file MC.tla
Parsing file DieHardPlusCal.tla
Parsing file C:\Users\johir\Downloads\TLAToolbox-1.5.2-win32.win32.x86_64\toolbox\plugins\org.lamport.tlatools_1.0.0.201512230951\tla2sany\StandardModules\TLC.tla
Parsing file C:\Users\johir\Downloads\TLAToolbox-1.5.2-win32.win32.x86_64\toolbox\plugins\org.lamport.tlatools_1.0.0.201512230951\tla2sany\StandardModules\Integers.tla
Parsing file C:\Users\johir\Downloads\TLAToolbox-1.5.2-win32.win32.x86_64\toolbox\plugins\org.lamport.tlatools_1.0.0.201512230951\tla2sany\StandardModules\Naturals.tla
Parsing file C:\Users\johir\Downloads\TLAToolbox-1.5.2-win32.win32.x86_64\toolbox\plugins\org.lamport.tlatools_1.0.0.201512230951\tla2sany\StandardModules\Sequences.tla
Semantic processing of module Naturals
Semantic processing of module Integers
Semantic processing of module DieHardPlusCal
Semantic processing of module Sequences
Semantic processing of module TLC
Semantic processing of module MC
@!@!@STARTMSG 2219:0 @!@!@
SANY finished.
@!@!@ENDMSG 2219 @!@!@
@!@!@STARTMSG 2185:0 @!@!@
Starting... (2016-12-06 17:23:45)
@!@!@ENDMSG 2185 @!@!@
@!@!@STARTMSG 2189:0 @!@!@
Computing initial states...
@!@!@ENDMSG 2189 @!@!@
@!@!@STARTMSG 2190:0 @!@!@
Finished computing initial states: 1 distinct state generated.
@!@!@ENDMSG 2190 @!@!@
@!@!@STARTMSG 2110:1 @!@!@
Invariant inv_1481066624815220000 is violated.
@!@!@ENDMSG 2110 @!@!@
@!@!@STARTMSG 2121:1 @!@!@
The behavior up to this point is:
@!@!@ENDMSG 2121 @!@!@
@!@!@STARTMSG 2217:4 @!@!@
1: <Initial predicate>
/\ big = 0
/\ small = 0

@!@!@ENDMSG 2217 @!@!@
@!@!@STARTMSG 2217:4 @!@!@
2: <Action line 40, col 12 to line 41, col 28 of module DieHardPlusCal>
/\ big = 5
/\ small = 0

@!@!@ENDMSG 2217 @!@!@
@!@!@STARTMSG 2217:4 @!@!@
3: <Action line 51, col 12 to line 53, col 42 of module DieHardPlusCal>
/\ big = 2
/\ small = 3

@!@!@ENDMSG 2217 @!@!@
@!@!@STARTMSG 2217:4 @!@!@
4: <Action line 46, col 12 to line 47, col 24 of module DieHardPlusCal>
/\ big = 2
/\ small = 0

@!@!@ENDMSG 2217 @!@!@
@!@!@STARTMSG 2217:4 @!@!@
5: <Action line 51, col 12 to line 53, col 42 of module DieHardPlusCal>
/\ big = 0
/\ small = 2

@!@!@ENDMSG 2217 @!@!@
@!@!@STARTMSG 2217:4 @!@!@
6: <Action line 40, col 12 to line 41, col 28 of module DieHardPlusCal>
/\ big = 5
/\ small = 2

@!@!@ENDMSG 2217 @!@!@
@!@!@STARTMSG 2217:4 @!@!@
7: <Action line 51, col 12 to line 53, col 42 of module DieHardPlusCal>
/\ big = 4
/\ small = 3

@!@!@ENDMSG 2217 @!@!@
@!@!@STARTMSG 2201:0 @!@!@
The coverage statistics at 2016-12-06 17:23:46
@!@!@ENDMSG 2201 @!@!@
@!@!@STARTMSG 2221:0 @!@!@
  line 40, col 15 to line 40, col 22 of module DieHardPlusCal: 14
@!@!@ENDMSG 2221 @!@!@
@!@!@STARTMSG 2221:0 @!@!@
  line 41, col 15 to line 41, col 28 of module DieHardPlusCal: 14
@!@!@ENDMSG 2221 @!@!@
@!@!@STARTMSG 2221:0 @!@!@
  line 42, col 15 to line 42, col 24 of module DieHardPlusCal: 14
@!@!@ENDMSG 2221 @!@!@
@!@!@STARTMSG 2221:0 @!@!@
  line 43, col 15 to line 43, col 24 of module DieHardPlusCal: 14
@!@!@ENDMSG 2221 @!@!@
@!@!@STARTMSG 2221:0 @!@!@
  line 44, col 15 to line 44, col 22 of module DieHardPlusCal: 14
@!@!@ENDMSG 2221 @!@!@
@!@!@STARTMSG 2221:0 @!@!@
  line 45, col 15 to line 45, col 28 of module DieHardPlusCal: 14
@!@!@ENDMSG 2221 @!@!@
@!@!@STARTMSG 2221:0 @!@!@
  line 46, col 15 to line 46, col 24 of module DieHardPlusCal: 14
@!@!@ENDMSG 2221 @!@!@
@!@!@STARTMSG 2221:0 @!@!@
  line 47, col 15 to line 47, col 24 of module DieHardPlusCal: 14
@!@!@ENDMSG 2221 @!@!@
@!@!@STARTMSG 2221:0 @!@!@
  line 49, col 20 to line 49, col 37 of module DieHardPlusCal: 14
@!@!@ENDMSG 2221 @!@!@
@!@!@STARTMSG 2221:0 @!@!@
  line 50, col 20 to line 50, col 42 of module DieHardPlusCal: 14
@!@!@ENDMSG 2221 @!@!@
@!@!@STARTMSG 2221:0 @!@!@
  line 52, col 20 to line 52, col 38 of module DieHardPlusCal: 13
@!@!@ENDMSG 2221 @!@!@
@!@!@STARTMSG 2221:0 @!@!@
  line 53, col 20 to line 53, col 42 of module DieHardPlusCal: 13
@!@!@ENDMSG 2221 @!@!@
@!@!@STARTMSG 2202:0 @!@!@
End of statistics.
@!@!@ENDMSG 2202 @!@!@
@!@!@STARTMSG 2200:0 @!@!@
Progress(9) at 2016-12-06 17:23:46: 84 states generated (10,932 s/min), 16 distinct states found (2,082 ds/min), 0 states left on queue.
@!@!@ENDMSG 2200 @!@!@
@!@!@STARTMSG 2199:0 @!@!@
84 states generated, 16 distinct states found, 0 states left on queue.
@!@!@ENDMSG 2199 @!@!@
@!@!@STARTMSG 2194:0 @!@!@
The depth of the complete state graph search is 9.
@!@!@ENDMSG 2194 @!@!@
@!@!@STARTMSG 2186:0 @!@!@
Finished in 01s at (2016-12-06 17:23:46)
@!@!@ENDMSG 2186 @!@!@
